Arguments: 
  /usr/local/bin/node /usr/local/bin/yarn install

PATH: 
  /usr/local/bin:/usr/bin:/bin:/usr/sbin:/sbin:/usr/local/sbin

Yarn version: 
  1.12.3

Node version: 
  8.11.1

Platform: 
  darwin x64

Trace: 
  Error: ENOENT: no such file or directory, copyfile '/Users/puwei/Library/Caches/Yarn/v4/npm-has-values-0.1.4-6d61de95d91dfca9b9a02089ad384bff8f62b771/node_modules/has-values/LICENSE' -> '/Users/puwei/Dev/test/umi/test-lib/node_modules/unset-value/node_modules/has-values/LICENSE'

npm manifest: 
  {
    "name": "test-lib",
    "version": "0.0.1",
    "description": "",
    "main": "dist/test-lib.js",
    "module": "dist/test-lib.esm.js",
    "unpkg": "dist/test-lib.umd.js",
    "authors": {
      "name": "",
      "email": ""
    },
    "repository": "/test-lib",
    "scripts": {
      "dev": "umi doc dev",
      "build": "umi lib build"
    },
    "devDependencies": {
      "umi": "^2.0.0",
      "umi-plugin-library": "^1.0.1-alpha.1"
    },
    "license": "MIT"
  }

yarn manifest: 
  No manifest

Lockfile: 
  No lockfile
